  Timber.cpp
C:\Users\San\Desktop\assignment\LearningC++withDenis\Timber\Timber.cpp(9,38): warning C4244: 'argument': conversion from 'T' to 'unsigned int', possible loss of data
          with
          [
              T=float
          ]
C:\Users\San\Desktop\assignment\LearningC++withDenis\Timber\Timber.cpp(9,26): warning C4244: 'argument': conversion from 'T' to 'unsigned int', possible loss of data
          with
          [
              T=float
          ]
Timber.obj : error LNK2019: unresolved external symbol "__declspec(dllimport) public: __thiscall sf::String::String(char const *,class std::locale const &)" (__imp_??0String@sf@@QAE@PBDABVlocale@std@@@Z) referenced in function "void __cdecl `dynamic initializer for 'window''(void)" (??__Ewindow@@YAXXZ)
Timber.obj : error LNK2019: unresolved external symbol "__declspec(dllimport) public: __thiscall sf::String::~String(void)" (__imp_??1String@sf@@QAE@XZ) referenced in function "void __cdecl `dynamic initializer for 'window''(void)" (??__Ewindow@@YAXXZ)
Timber.obj : error LNK2019: unresolved external symbol "__declspec(dllimport) public: __thiscall sf::VideoMode::VideoMode(unsigned int,unsigned int,unsigned int)" (__imp_??0VideoMode@sf@@QAE@III@Z) referenced in function "void __cdecl `dynamic initializer for 'vm''(void)" (??__Evm@@YAXXZ)
Timber.obj : error LNK2019: unresolved external symbol "__declspec(dllimport) public: bool __thiscall sf::Window::isOpen(void)const " (__imp_?isOpen@Window@sf@@QBE_NXZ) referenced in function _main
Timber.obj : error LNK2019: unresolved external symbol "__declspec(dllimport) public: void __thiscall sf::Window::display(void)" (__imp_?display@Window@sf@@QAEXXZ) referenced in function _main
Timber.obj : error LNK2019: unresolved external symbol "__declspec(dllimport) public: void __thiscall sf::RenderTarget::clear(class sf::Color const &)" (__imp_?clear@RenderTarget@sf@@QAEXABVColor@2@@Z) referenced in function _main
Timber.obj : error LNK2019: unresolved external symbol "__declspec(dllimport) public: __thiscall sf::RenderWindow::RenderWindow(class sf::VideoMode,class sf::String const &,unsigned int,struct sf::ContextSettings const &)" (__imp_??0RenderWindow@sf@@QAE@VVideoMode@1@ABVString@1@IABUContextSettings@1@@Z) referenced in function "void __cdecl `dynamic initializer for 'window''(void)" (??__Ewindow@@YAXXZ)
Timber.obj : error LNK2019: unresolved external symbol "__declspec(dllimport) public: virtual __thiscall sf::RenderWindow::~RenderWindow(void)" (__imp_??1RenderWindow@sf@@UAE@XZ) referenced in function "void __cdecl `dynamic atexit destructor for 'window''(void)" (??__Fwindow@@YAXXZ)
Timber.obj : error LNK2019: unresolved external symbol "__declspec(dllimport) public: static class sf::Color const sf::Color::Red" (__imp_?Red@Color@sf@@2V12@B) referenced in function _main
C:\Users\San\Desktop\assignment\LearningC++withDenis\Timber\SFML-2.5.1\lib\sfml-audio-d.lib : warning LNK4272: library machine type 'x64' conflicts with target machine type 'x86'
C:\Users\San\Desktop\assignment\LearningC++withDenis\Timber\SFML-2.5.1\lib\sfml-network-d.lib : warning LNK4272: library machine type 'x64' conflicts with target machine type 'x86'
C:\Users\San\Desktop\assignment\LearningC++withDenis\Timber\SFML-2.5.1\lib\sfml-window-d.lib : warning LNK4272: library machine type 'x64' conflicts with target machine type 'x86'
C:\Users\San\Desktop\assignment\LearningC++withDenis\Timber\SFML-2.5.1\lib\sfml-system-d.lib : warning LNK4272: library machine type 'x64' conflicts with target machine type 'x86'
C:\Users\San\Desktop\assignment\LearningC++withDenis\Timber\Debug\Timber.exe : fatal error LNK1120: 9 unresolved externals
